[0.145s] DEBUG:colcon:Command line arguments: ['/usr/bin/colcon', 'build', '--symlink-install']
[0.145s] DEBUG:colcon:Parsed command line arguments: Namespace(log_base=None, log_level=None, verb_name='build', build_base='build', install_base='install', merge_install=False, symlink_install=True, test_result_base=None, continue_on_error=False, executor='parallel', parallel_workers=16, event_handlers=None, ignore_user_meta=False, metas=['./colcon.meta'], base_paths=['.'], packages_ignore=None, packages_ignore_regex=None, paths=None, packages_up_to=None, packages_up_to_regex=None, packages_above=None, packages_above_and_dependencies=None, packages_above_depth=None, packages_select_by_dep=None, packages_skip_by_dep=None, packages_skip_up_to=None, packages_select_build_failed=False, packages_skip_build_finished=False, packages_select_test_failures=False, packages_skip_test_passed=False, packages_select=None, packages_skip=None, packages_select_regex=None, packages_skip_regex=None, packages_start=None, packages_end=None, allow_overriding=[], cmake_args=None, cmake_target=None, cmake_target_skip_unavailable=False, cmake_clean_cache=False, cmake_clean_first=False, cmake_force_configure=False, ament_cmake_args=None, catkin_cmake_args=None, catkin_skip_building_tests=False, mixin_files=None, mixin=None, verb_parser=<colcon_mixin.mixin.mixin_argument.MixinArgumentDecorator object at 0x76b565492420>, verb_extension=<colcon_core.verb.build.BuildVerb object at 0x76b5654920c0>, main=<bound method BuildVerb.main of <colcon_core.verb.build.BuildVerb object at 0x76b5654920c0>>, mixin_verb=('build',))
[0.187s] Level 1:colcon.colcon_core.package_discovery:discover_packages(colcon_meta) check parameters
[0.188s] Level 1:colcon.colcon_core.package_discovery:discover_packages(recursive) check parameters
[0.188s] Level 1:colcon.colcon_core.package_discovery:discover_packages(ignore) check parameters
[0.188s] Level 1:colcon.colcon_core.package_discovery:discover_packages(path) check parameters
[0.188s] Level 1:colcon.colcon_core.package_discovery:discover_packages(colcon_meta) discover
[0.188s] Level 1:colcon.colcon_core.package_discovery:discover_packages(recursive) discover
[0.188s] INFO:colcon.colcon_core.package_discovery:Crawling recursively for packages in '/home/integral/itis_robot'
[0.188s] Level 1:colcon.colcon_core.package_identification:_identify(.) by extensions ['ignore', 'ignore_ament_install']
[0.188s] Level 1:colcon.colcon_core.package_identification:_identify(.) by extension 'ignore'
[0.188s] Level 1:colcon.colcon_core.package_identification:_identify(.) by extension 'ignore_ament_install'
[0.188s] Level 1:colcon.colcon_core.package_identification:_identify(.) by extensions ['colcon_pkg']
[0.188s] Level 1:colcon.colcon_core.package_identification:_identify(.) by extension 'colcon_pkg'
[0.188s] Level 1:colcon.colcon_core.package_identification:_identify(.) by extensions ['colcon_meta']
[0.188s] Level 1:colcon.colcon_core.package_identification:_identify(.) by extension 'colcon_meta'
[0.188s] Level 1:colcon.colcon_core.package_identification:_identify(.) by extensions ['ros']
[0.188s] Level 1:colcon.colcon_core.package_identification:_identify(.) by extension 'ros'
[0.214s] Level 1:colcon.colcon_core.package_identification:_identify(.) by extensions ['cmake', 'python']
[0.214s] Level 1:colcon.colcon_core.package_identification:_identify(.) by extension 'cmake'
[0.214s] Level 1:colcon.colcon_core.package_identification:_identify(.) by extension 'python'
[0.214s] Level 1:colcon.colcon_core.package_identification:_identify(.) by extensions ['python_setup_py']
[0.214s] Level 1:colcon.colcon_core.package_identification:_identify(.) by extension 'python_setup_py'
[0.214s] Level 1:colcon.colcon_core.package_identification:_identify(build) by extensions ['ignore', 'ignore_ament_install']
[0.214s] Level 1:colcon.colcon_core.package_identification:_identify(build) by extension 'ignore'
[0.214s] Level 1:colcon.colcon_core.package_identification:_identify(build) ignored
[0.214s] Level 1:colcon.colcon_core.package_identification:_identify(install) by extensions ['ignore', 'ignore_ament_install']
[0.215s] Level 1:colcon.colcon_core.package_identification:_identify(install) by extension 'ignore'
[0.215s] Level 1:colcon.colcon_core.package_identification:_identify(install) ignored
[0.215s] Level 1:colcon.colcon_core.package_identification:_identify(log) by extensions ['ignore', 'ignore_ament_install']
[0.215s] Level 1:colcon.colcon_core.package_identification:_identify(log) by extension 'ignore'
[0.215s] Level 1:colcon.colcon_core.package_identification:_identify(log) ignored
[0.215s] Level 1:colcon.colcon_core.package_identification:_identify(src) by extensions ['ignore', 'ignore_ament_install']
[0.215s] Level 1:colcon.colcon_core.package_identification:_identify(src) by extension 'ignore'
[0.215s] Level 1:colcon.colcon_core.package_identification:_identify(src) by extension 'ignore_ament_install'
[0.215s] Level 1:colcon.colcon_core.package_identification:_identify(src) by extensions ['colcon_pkg']
[0.215s] Level 1:colcon.colcon_core.package_identification:_identify(src) by extension 'colcon_pkg'
[0.215s] Level 1:colcon.colcon_core.package_identification:_identify(src) by extensions ['colcon_meta']
[0.215s] Level 1:colcon.colcon_core.package_identification:_identify(src) by extension 'colcon_meta'
[0.215s] Level 1:colcon.colcon_core.package_identification:_identify(src) by extensions ['ros']
[0.215s] Level 1:colcon.colcon_core.package_identification:_identify(src) by extension 'ros'
[0.215s] Level 1:colcon.colcon_core.package_identification:_identify(src) by extensions ['cmake', 'python']
[0.215s] Level 1:colcon.colcon_core.package_identification:_identify(src) by extension 'cmake'
[0.215s] Level 1:colcon.colcon_core.package_identification:_identify(src) by extension 'python'
[0.216s] Level 1:colcon.colcon_core.package_identification:_identify(src) by extensions ['python_setup_py']
[0.216s] Level 1:colcon.colcon_core.package_identification:_identify(src) by extension 'python_setup_py'
[0.216s] Level 1:colcon.colcon_core.package_identification:_identify(src/itis_robot) by extensions ['ignore', 'ignore_ament_install']
[0.216s] Level 1:colcon.colcon_core.package_identification:_identify(src/itis_robot) by extension 'ignore'
[0.216s] Level 1:colcon.colcon_core.package_identification:_identify(src/itis_robot) by extension 'ignore_ament_install'
[0.216s] Level 1:colcon.colcon_core.package_identification:_identify(src/itis_robot) by extensions ['colcon_pkg']
[0.216s] Level 1:colcon.colcon_core.package_identification:_identify(src/itis_robot) by extension 'colcon_pkg'
[0.216s] Level 1:colcon.colcon_core.package_identification:_identify(src/itis_robot) by extensions ['colcon_meta']
[0.216s] Level 1:colcon.colcon_core.package_identification:_identify(src/itis_robot) by extension 'colcon_meta'
[0.216s] Level 1:colcon.colcon_core.package_identification:_identify(src/itis_robot) by extensions ['ros']
[0.216s] Level 1:colcon.colcon_core.package_identification:_identify(src/itis_robot) by extension 'ros'
[0.218s] DEBUG:colcon.colcon_core.package_identification:Package 'src/itis_robot' with type 'ros.ament_cmake' and name 'itis_robot'
[0.218s] Level 1:colcon.colcon_core.package_identification:_identify(src/ur_simulation_gz) by extensions ['ignore', 'ignore_ament_install']
[0.219s] Level 1:colcon.colcon_core.package_identification:_identify(src/ur_simulation_gz) by extension 'ignore'
[0.219s] Level 1:colcon.colcon_core.package_identification:_identify(src/ur_simulation_gz) by extension 'ignore_ament_install'
[0.219s] Level 1:colcon.colcon_core.package_identification:_identify(src/ur_simulation_gz) by extensions ['colcon_pkg']
[0.219s] Level 1:colcon.colcon_core.package_identification:_identify(src/ur_simulation_gz) by extension 'colcon_pkg'
[0.219s] Level 1:colcon.colcon_core.package_identification:_identify(src/ur_simulation_gz) by extensions ['colcon_meta']
[0.219s] Level 1:colcon.colcon_core.package_identification:_identify(src/ur_simulation_gz) by extension 'colcon_meta'
[0.219s] Level 1:colcon.colcon_core.package_identification:_identify(src/ur_simulation_gz) by extensions ['ros']
[0.219s] Level 1:colcon.colcon_core.package_identification:_identify(src/ur_simulation_gz) by extension 'ros'
[0.219s] Level 1:colcon.colcon_core.package_identification:_identify(src/ur_simulation_gz) by extensions ['cmake', 'python']
[0.219s] Level 1:colcon.colcon_core.package_identification:_identify(src/ur_simulation_gz) by extension 'cmake'
[0.219s] Level 1:colcon.colcon_core.package_identification:_identify(src/ur_simulation_gz) by extension 'python'
[0.219s] Level 1:colcon.colcon_core.package_identification:_identify(src/ur_simulation_gz) by extensions ['python_setup_py']
[0.219s] Level 1:colcon.colcon_core.package_identification:_identify(src/ur_simulation_gz) by extension 'python_setup_py'
[0.219s] Level 1:colcon.colcon_core.package_identification:_identify(src/ur_simulation_gz/ur_simulation_gz) by extensions ['ignore', 'ignore_ament_install']
[0.219s] Level 1:colcon.colcon_core.package_identification:_identify(src/ur_simulation_gz/ur_simulation_gz) by extension 'ignore'
[0.219s] Level 1:colcon.colcon_core.package_identification:_identify(src/ur_simulation_gz/ur_simulation_gz) by extension 'ignore_ament_install'
[0.219s] Level 1:colcon.colcon_core.package_identification:_identify(src/ur_simulation_gz/ur_simulation_gz) by extensions ['colcon_pkg']
[0.219s] Level 1:colcon.colcon_core.package_identification:_identify(src/ur_simulation_gz/ur_simulation_gz) by extension 'colcon_pkg'
[0.219s] Level 1:colcon.colcon_core.package_identification:_identify(src/ur_simulation_gz/ur_simulation_gz) by extensions ['colcon_meta']
[0.220s] Level 1:colcon.colcon_core.package_identification:_identify(src/ur_simulation_gz/ur_simulation_gz) by extension 'colcon_meta'
[0.220s] Level 1:colcon.colcon_core.package_identification:_identify(src/ur_simulation_gz/ur_simulation_gz) by extensions ['ros']
[0.220s] Level 1:colcon.colcon_core.package_identification:_identify(src/ur_simulation_gz/ur_simulation_gz) by extension 'ros'
[0.220s] DEBUG:colcon.colcon_core.package_identification:Package 'src/ur_simulation_gz/ur_simulation_gz' with type 'ros.ament_cmake' and name 'ur_simulation_gz'
[0.220s] Level 1:colcon.colcon_core.package_discovery:discover_packages(recursive) using defaults
[0.220s] Level 1:colcon.colcon_core.package_discovery:discover_packages(ignore) discover
[0.220s] Level 1:colcon.colcon_core.package_discovery:discover_packages(ignore) using defaults
[0.220s] Level 1:colcon.colcon_core.package_discovery:discover_packages(path) discover
[0.220s] Level 1:colcon.colcon_core.package_discovery:discover_packages(path) using defaults
[0.239s] Level 1:colcon.colcon_core.package_discovery:discover_packages(prefix_path) check parameters
[0.239s] Level 1:colcon.colcon_core.package_discovery:discover_packages(prefix_path) discover
[0.247s] DEBUG:colcon.colcon_installed_package_information.package_discovery:Found 317 installed packages in /opt/ros/jazzy
[0.248s] Level 1:colcon.colcon_core.package_discovery:discover_packages(prefix_path) using defaults
[0.295s] Level 5:colcon.colcon_core.verb:set package 'itis_robot' build argument 'cmake_args' from command line to 'None'
[0.295s] Level 5:colcon.colcon_core.verb:set package 'itis_robot' build argument 'cmake_target' from command line to 'None'
[0.295s] Level 5:colcon.colcon_core.verb:set package 'itis_robot' build argument 'cmake_target_skip_unavailable' from command line to 'False'
[0.295s] Level 5:colcon.colcon_core.verb:set package 'itis_robot' build argument 'cmake_clean_cache' from command line to 'False'
[0.295s] Level 5:colcon.colcon_core.verb:set package 'itis_robot' build argument 'cmake_clean_first' from command line to 'False'
[0.295s] Level 5:colcon.colcon_core.verb:set package 'itis_robot' build argument 'cmake_force_configure' from command line to 'False'
[0.295s] Level 5:colcon.colcon_core.verb:set package 'itis_robot' build argument 'ament_cmake_args' from command line to 'None'
[0.295s] Level 5:colcon.colcon_core.verb:set package 'itis_robot' build argument 'catkin_cmake_args' from command line to 'None'
[0.295s] Level 5:colcon.colcon_core.verb:set package 'itis_robot' build argument 'catkin_skip_building_tests' from command line to 'False'
[0.295s] DEBUG:colcon.colcon_core.verb:Building package 'itis_robot' with the following arguments: {'ament_cmake_args': None, 'build_base': '/home/integral/itis_robot/build/itis_robot', 'catkin_cmake_args': None, 'catkin_skip_building_tests': False, 'cmake_args': None, 'cmake_clean_cache': False, 'cmake_clean_first': False, 'cmake_force_configure': False, 'cmake_target': None, 'cmake_target_skip_unavailable': False, 'install_base': '/home/integral/itis_robot/install/itis_robot', 'merge_install': False, 'path': '/home/integral/itis_robot/src/itis_robot', 'symlink_install': True, 'test_result_base': None}
[0.296s] Level 5:colcon.colcon_core.verb:set package 'ur_simulation_gz' build argument 'cmake_args' from command line to 'None'
[0.296s] Level 5:colcon.colcon_core.verb:set package 'ur_simulation_gz' build argument 'cmake_target' from command line to 'None'
[0.296s] Level 5:colcon.colcon_core.verb:set package 'ur_simulation_gz' build argument 'cmake_target_skip_unavailable' from command line to 'False'
[0.296s] Level 5:colcon.colcon_core.verb:set package 'ur_simulation_gz' build argument 'cmake_clean_cache' from command line to 'False'
[0.296s] Level 5:colcon.colcon_core.verb:set package 'ur_simulation_gz' build argument 'cmake_clean_first' from command line to 'False'
[0.296s] Level 5:colcon.colcon_core.verb:set package 'ur_simulation_gz' build argument 'cmake_force_configure' from command line to 'False'
[0.296s] Level 5:colcon.colcon_core.verb:set package 'ur_simulation_gz' build argument 'ament_cmake_args' from command line to 'None'
[0.296s] Level 5:colcon.colcon_core.verb:set package 'ur_simulation_gz' build argument 'catkin_cmake_args' from command line to 'None'
[0.296s] Level 5:colcon.colcon_core.verb:set package 'ur_simulation_gz' build argument 'catkin_skip_building_tests' from command line to 'False'
[0.296s] DEBUG:colcon.colcon_core.verb:Building package 'ur_simulation_gz' with the following arguments: {'ament_cmake_args': None, 'build_base': '/home/integral/itis_robot/build/ur_simulation_gz', 'catkin_cmake_args': None, 'catkin_skip_building_tests': False, 'cmake_args': None, 'cmake_clean_cache': False, 'cmake_clean_first': False, 'cmake_force_configure': False, 'cmake_target': None, 'cmake_target_skip_unavailable': False, 'install_base': '/home/integral/itis_robot/install/ur_simulation_gz', 'merge_install': False, 'path': '/home/integral/itis_robot/src/ur_simulation_gz/ur_simulation_gz', 'symlink_install': True, 'test_result_base': None}
[0.296s] INFO:colcon.colcon_core.executor:Executing jobs using 'parallel' executor
[0.297s] DEBUG:colcon.colcon_parallel_executor.executor.parallel:run_until_complete
[0.297s] INFO:colcon.colcon_ros.task.ament_cmake.build:Building ROS package in '/home/integral/itis_robot/src/itis_robot' with build type 'ament_cmake'
[0.297s] INFO:colcon.colcon_cmake.task.cmake.build:Building CMake package in '/home/integral/itis_robot/src/itis_robot'
[0.300s] INFO:colcon.colcon_core.plugin_system:Skipping extension 'colcon_core.shell.bat': Not used on non-Windows systems
[0.300s] INFO:colcon.colcon_core.shell:Skip shell extension 'powershell' for command environment: Not usable outside of PowerShell
[0.300s] DEBUG:colcon.colcon_core.shell:Skip shell extension 'dsv' for command environment
[0.303s] INFO:colcon.colcon_ros.task.ament_cmake.build:Building ROS package in '/home/integral/itis_robot/src/ur_simulation_gz/ur_simulation_gz' with build type 'ament_cmake'
[0.303s] INFO:colcon.colcon_cmake.task.cmake.build:Building CMake package in '/home/integral/itis_robot/src/ur_simulation_gz/ur_simulation_gz'
[0.303s] INFO:colcon.colcon_core.shell:Skip shell extension 'powershell' for command environment: Not usable outside of PowerShell
[0.304s] DEBUG:colcon.colcon_core.shell:Skip shell extension 'dsv' for command environment
[0.312s] DEBUG:colcon.colcon_core.event_handler.log_command:Invoking command in '/home/integral/itis_robot/build/itis_robot': CMAKE_PREFIX_PATH=${CMAKE_PREFIX_PATH}:/opt/ros/jazzy /usr/bin/cmake --build /home/integral/itis_robot/build/itis_robot -- -j16 -l16
[0.315s] DEBUG:colcon.colcon_core.event_handler.log_command:Invoking command in '/home/integral/itis_robot/build/ur_simulation_gz': CMAKE_PREFIX_PATH=${CMAKE_PREFIX_PATH}:/opt/ros/jazzy /usr/bin/cmake /home/integral/itis_robot/src/ur_simulation_gz/ur_simulation_gz -DAMENT_CMAKE_SYMLINK_INSTALL=1 -DCMAKE_INSTALL_PREFIX=/home/integral/itis_robot/install/ur_simulation_gz
[0.768s] DEBUG:colcon.colcon_core.event_handler.log_command:Invoked command in '/home/integral/itis_robot/build/itis_robot' returned '0': CMAKE_PREFIX_PATH=${CMAKE_PREFIX_PATH}:/opt/ros/jazzy /usr/bin/cmake --build /home/integral/itis_robot/build/itis_robot -- -j16 -l16
[0.782s] DEBUG:colcon.colcon_core.event_handler.log_command:Invoking command in '/home/integral/itis_robot/build/itis_robot': CMAKE_PREFIX_PATH=${CMAKE_PREFIX_PATH}:/opt/ros/jazzy /usr/bin/cmake --install /home/integral/itis_robot/build/itis_robot
[1.018s] Level 1:colcon.colcon_core.environment:create_environment_scripts_only(itis_robot)
[1.019s] DEBUG:colcon.colcon_core.event_handler.log_command:Invoked command in '/home/integral/itis_robot/build/itis_robot' returned '0': CMAKE_PREFIX_PATH=${CMAKE_PREFIX_PATH}:/opt/ros/jazzy /usr/bin/cmake --install /home/integral/itis_robot/build/itis_robot
[1.021s] Level 1:colcon.colcon_core.environment:checking '/home/integral/itis_robot/install/itis_robot' for CMake module files
[1.021s] Level 1:colcon.colcon_core.environment:checking '/home/integral/itis_robot/install/itis_robot' for CMake config files
[1.022s] Level 1:colcon.colcon_core.shell:create_environment_hook('itis_robot', 'cmake_prefix_path')
[1.022s] INFO:colcon.colcon_core.shell:Creating environment hook '/home/integral/itis_robot/install/itis_robot/share/itis_robot/hook/cmake_prefix_path.ps1'
[1.022s] INFO:colcon.colcon_core.shell:Creating environment descriptor '/home/integral/itis_robot/install/itis_robot/share/itis_robot/hook/cmake_prefix_path.dsv'
[1.023s] INFO:colcon.colcon_core.shell:Creating environment hook '/home/integral/itis_robot/install/itis_robot/share/itis_robot/hook/cmake_prefix_path.sh'
[1.023s] Level 1:colcon.colcon_core.environment:checking '/home/integral/itis_robot/install/itis_robot/bin'
[1.023s] Level 1:colcon.colcon_core.environment:checking '/home/integral/itis_robot/install/itis_robot/lib/pkgconfig/itis_robot.pc'
[1.024s] Level 1:colcon.colcon_core.environment:checking '/home/integral/itis_robot/install/itis_robot/lib/python3.12/site-packages'
[1.024s] Level 1:colcon.colcon_core.environment:checking '/home/integral/itis_robot/install/itis_robot/bin'
[1.024s] INFO:colcon.colcon_core.shell:Creating package script '/home/integral/itis_robot/install/itis_robot/share/itis_robot/package.ps1'
[1.025s] INFO:colcon.colcon_core.shell:Creating package descriptor '/home/integral/itis_robot/install/itis_robot/share/itis_robot/package.dsv'
[1.025s] INFO:colcon.colcon_core.shell:Creating package script '/home/integral/itis_robot/install/itis_robot/share/itis_robot/package.sh'
[1.026s] INFO:colcon.colcon_core.shell:Creating package script '/home/integral/itis_robot/install/itis_robot/share/itis_robot/package.bash'
[1.026s] INFO:colcon.colcon_core.shell:Creating package script '/home/integral/itis_robot/install/itis_robot/share/itis_robot/package.zsh'
[1.026s] Level 1:colcon.colcon_core.environment:create_file_with_runtime_dependencies(/home/integral/itis_robot/install/itis_robot/share/colcon-core/packages/itis_robot)
[1.027s] Level 1:colcon.colcon_core.environment:create_environment_scripts_only(itis_robot)
[1.027s] Level 1:colcon.colcon_core.environment:checking '/home/integral/itis_robot/install/itis_robot' for CMake module files
[1.027s] Level 1:colcon.colcon_core.environment:checking '/home/integral/itis_robot/install/itis_robot' for CMake config files
[1.028s] Level 1:colcon.colcon_core.shell:create_environment_hook('itis_robot', 'cmake_prefix_path')
[1.028s] INFO:colcon.colcon_core.shell:Creating environment hook '/home/integral/itis_robot/install/itis_robot/share/itis_robot/hook/cmake_prefix_path.ps1'
[1.028s] INFO:colcon.colcon_core.shell:Creating environment descriptor '/home/integral/itis_robot/install/itis_robot/share/itis_robot/hook/cmake_prefix_path.dsv'
[1.028s] INFO:colcon.colcon_core.shell:Creating environment hook '/home/integral/itis_robot/install/itis_robot/share/itis_robot/hook/cmake_prefix_path.sh'
[1.028s] Level 1:colcon.colcon_core.environment:checking '/home/integral/itis_robot/install/itis_robot/bin'
[1.029s] Level 1:colcon.colcon_core.environment:checking '/home/integral/itis_robot/install/itis_robot/lib/pkgconfig/itis_robot.pc'
[1.029s] Level 1:colcon.colcon_core.environment:checking '/home/integral/itis_robot/install/itis_robot/lib/python3.12/site-packages'
[1.029s] Level 1:colcon.colcon_core.environment:checking '/home/integral/itis_robot/install/itis_robot/bin'
[1.029s] INFO:colcon.colcon_core.shell:Creating package script '/home/integral/itis_robot/install/itis_robot/share/itis_robot/package.ps1'
[1.029s] INFO:colcon.colcon_core.shell:Creating package descriptor '/home/integral/itis_robot/install/itis_robot/share/itis_robot/package.dsv'
[1.030s] INFO:colcon.colcon_core.shell:Creating package script '/home/integral/itis_robot/install/itis_robot/share/itis_robot/package.sh'
[1.030s] INFO:colcon.colcon_core.shell:Creating package script '/home/integral/itis_robot/install/itis_robot/share/itis_robot/package.bash'
[1.030s] INFO:colcon.colcon_core.shell:Creating package script '/home/integral/itis_robot/install/itis_robot/share/itis_robot/package.zsh'
[1.030s] Level 1:colcon.colcon_core.environment:create_file_with_runtime_dependencies(/home/integral/itis_robot/install/itis_robot/share/colcon-core/packages/itis_robot)
[1.240s] DEBUG:colcon.colcon_core.event_handler.log_command:Invoked command in '/home/integral/itis_robot/build/ur_simulation_gz' returned '0': CMAKE_PREFIX_PATH=${CMAKE_PREFIX_PATH}:/opt/ros/jazzy /usr/bin/cmake /home/integral/itis_robot/src/ur_simulation_gz/ur_simulation_gz -DAMENT_CMAKE_SYMLINK_INSTALL=1 -DCMAKE_INSTALL_PREFIX=/home/integral/itis_robot/install/ur_simulation_gz
[1.240s] DEBUG:colcon.colcon_core.event_handler.log_command:Invoking command in '/home/integral/itis_robot/build/ur_simulation_gz': CMAKE_PREFIX_PATH=${CMAKE_PREFIX_PATH}:/opt/ros/jazzy /usr/bin/cmake --build /home/integral/itis_robot/build/ur_simulation_gz -- -j16 -l16
[1.280s] DEBUG:colcon.colcon_core.event_handler.log_command:Invoked command in '/home/integral/itis_robot/build/ur_simulation_gz' returned '0': CMAKE_PREFIX_PATH=${CMAKE_PREFIX_PATH}:/opt/ros/jazzy /usr/bin/cmake --build /home/integral/itis_robot/build/ur_simulation_gz -- -j16 -l16
[1.281s] DEBUG:colcon.colcon_core.event_handler.log_command:Invoking command in '/home/integral/itis_robot/build/ur_simulation_gz': CMAKE_PREFIX_PATH=${CMAKE_PREFIX_PATH}:/opt/ros/jazzy /usr/bin/cmake --install /home/integral/itis_robot/build/ur_simulation_gz
[1.481s] Level 1:colcon.colcon_core.environment:create_environment_scripts_only(ur_simulation_gz)
[1.482s] Level 1:colcon.colcon_core.environment:checking '/home/integral/itis_robot/install/ur_simulation_gz' for CMake module files
[1.482s] DEBUG:colcon.colcon_core.event_handler.log_command:Invoked command in '/home/integral/itis_robot/build/ur_simulation_gz' returned '0': CMAKE_PREFIX_PATH=${CMAKE_PREFIX_PATH}:/opt/ros/jazzy /usr/bin/cmake --install /home/integral/itis_robot/build/ur_simulation_gz
[1.483s] Level 1:colcon.colcon_core.environment:checking '/home/integral/itis_robot/install/ur_simulation_gz' for CMake config files
[1.483s] Level 1:colcon.colcon_core.shell:create_environment_hook('ur_simulation_gz', 'cmake_prefix_path')
[1.483s] INFO:colcon.colcon_core.shell:Creating environment hook '/home/integral/itis_robot/install/ur_simulation_gz/share/ur_simulation_gz/hook/cmake_prefix_path.ps1'
[1.483s] INFO:colcon.colcon_core.shell:Creating environment descriptor '/home/integral/itis_robot/install/ur_simulation_gz/share/ur_simulation_gz/hook/cmake_prefix_path.dsv'
[1.483s] INFO:colcon.colcon_core.shell:Creating environment hook '/home/integral/itis_robot/install/ur_simulation_gz/share/ur_simulation_gz/hook/cmake_prefix_path.sh'
[1.484s] Level 1:colcon.colcon_core.environment:checking '/home/integral/itis_robot/install/ur_simulation_gz/bin'
[1.484s] Level 1:colcon.colcon_core.environment:checking '/home/integral/itis_robot/install/ur_simulation_gz/lib/pkgconfig/ur_simulation_gz.pc'
[1.484s] Level 1:colcon.colcon_core.environment:checking '/home/integral/itis_robot/install/ur_simulation_gz/lib/python3.12/site-packages'
[1.484s] Level 1:colcon.colcon_core.environment:checking '/home/integral/itis_robot/install/ur_simulation_gz/bin'
[1.484s] INFO:colcon.colcon_core.shell:Creating package script '/home/integral/itis_robot/install/ur_simulation_gz/share/ur_simulation_gz/package.ps1'
[1.485s] INFO:colcon.colcon_core.shell:Creating package descriptor '/home/integral/itis_robot/install/ur_simulation_gz/share/ur_simulation_gz/package.dsv'
[1.485s] INFO:colcon.colcon_core.shell:Creating package script '/home/integral/itis_robot/install/ur_simulation_gz/share/ur_simulation_gz/package.sh'
[1.485s] INFO:colcon.colcon_core.shell:Creating package script '/home/integral/itis_robot/install/ur_simulation_gz/share/ur_simulation_gz/package.bash'
[1.485s] INFO:colcon.colcon_core.shell:Creating package script '/home/integral/itis_robot/install/ur_simulation_gz/share/ur_simulation_gz/package.zsh'
[1.486s] Level 1:colcon.colcon_core.environment:create_file_with_runtime_dependencies(/home/integral/itis_robot/install/ur_simulation_gz/share/colcon-core/packages/ur_simulation_gz)
[1.486s] Level 1:colcon.colcon_core.environment:create_environment_scripts_only(ur_simulation_gz)
[1.486s] Level 1:colcon.colcon_core.environment:checking '/home/integral/itis_robot/install/ur_simulation_gz' for CMake module files
[1.486s] Level 1:colcon.colcon_core.environment:checking '/home/integral/itis_robot/install/ur_simulation_gz' for CMake config files
[1.486s] Level 1:colcon.colcon_core.shell:create_environment_hook('ur_simulation_gz', 'cmake_prefix_path')
[1.487s] INFO:colcon.colcon_core.shell:Creating environment hook '/home/integral/itis_robot/install/ur_simulation_gz/share/ur_simulation_gz/hook/cmake_prefix_path.ps1'
[1.487s] INFO:colcon.colcon_core.shell:Creating environment descriptor '/home/integral/itis_robot/install/ur_simulation_gz/share/ur_simulation_gz/hook/cmake_prefix_path.dsv'
[1.487s] INFO:colcon.colcon_core.shell:Creating environment hook '/home/integral/itis_robot/install/ur_simulation_gz/share/ur_simulation_gz/hook/cmake_prefix_path.sh'
[1.487s] Level 1:colcon.colcon_core.environment:checking '/home/integral/itis_robot/install/ur_simulation_gz/bin'
[1.487s] Level 1:colcon.colcon_core.environment:checking '/home/integral/itis_robot/install/ur_simulation_gz/lib/pkgconfig/ur_simulation_gz.pc'
[1.488s] Level 1:colcon.colcon_core.environment:checking '/home/integral/itis_robot/install/ur_simulation_gz/lib/python3.12/site-packages'
[1.488s] Level 1:colcon.colcon_core.environment:checking '/home/integral/itis_robot/install/ur_simulation_gz/bin'
[1.488s] INFO:colcon.colcon_core.shell:Creating package script '/home/integral/itis_robot/install/ur_simulation_gz/share/ur_simulation_gz/package.ps1'
[1.488s] INFO:colcon.colcon_core.shell:Creating package descriptor '/home/integral/itis_robot/install/ur_simulation_gz/share/ur_simulation_gz/package.dsv'
[1.488s] INFO:colcon.colcon_core.shell:Creating package script '/home/integral/itis_robot/install/ur_simulation_gz/share/ur_simulation_gz/package.sh'
[1.489s] INFO:colcon.colcon_core.shell:Creating package script '/home/integral/itis_robot/install/ur_simulation_gz/share/ur_simulation_gz/package.bash'
[1.489s] INFO:colcon.colcon_core.shell:Creating package script '/home/integral/itis_robot/install/ur_simulation_gz/share/ur_simulation_gz/package.zsh'
[1.489s] Level 1:colcon.colcon_core.environment:create_file_with_runtime_dependencies(/home/integral/itis_robot/install/ur_simulation_gz/share/colcon-core/packages/ur_simulation_gz)
[1.489s] DEBUG:colcon.colcon_parallel_executor.executor.parallel:closing loop
[1.490s] DEBUG:colcon.colcon_parallel_executor.executor.parallel:loop closed
[1.490s] DEBUG:colcon.colcon_parallel_executor.executor.parallel:run_until_complete finished with '0'
[1.490s] DEBUG:colcon.colcon_core.event_reactor:joining thread
[1.495s] INFO:colcon.colcon_core.plugin_system:Skipping extension 'colcon_notification.desktop_notification.terminal_notifier': Not used on non-Darwin systems
[1.495s] INFO:colcon.colcon_core.plugin_system:Skipping extension 'colcon_notification.desktop_notification.win32': Not used on non-Windows systems
[1.495s] INFO:colcon.colcon_notification.desktop_notification:Sending desktop notification using 'notify2'
[1.497s] DEBUG:colcon.colcon_core.event_reactor:joined thread
[1.498s] INFO:colcon.colcon_core.shell:Creating prefix script '/home/integral/itis_robot/install/local_setup.ps1'
[1.499s] INFO:colcon.colcon_core.shell:Creating prefix util module '/home/integral/itis_robot/install/_local_setup_util_ps1.py'
[1.499s] INFO:colcon.colcon_core.shell:Creating prefix chain script '/home/integral/itis_robot/install/setup.ps1'
[1.500s] INFO:colcon.colcon_core.shell:Creating prefix script '/home/integral/itis_robot/install/local_setup.sh'
[1.500s] INFO:colcon.colcon_core.shell:Creating prefix util module '/home/integral/itis_robot/install/_local_setup_util_sh.py'
[1.501s] INFO:colcon.colcon_core.shell:Creating prefix chain script '/home/integral/itis_robot/install/setup.sh'
[1.502s] INFO:colcon.colcon_core.shell:Creating prefix script '/home/integral/itis_robot/install/local_setup.bash'
[1.503s] INFO:colcon.colcon_core.shell:Creating prefix chain script '/home/integral/itis_robot/install/setup.bash'
[1.504s] INFO:colcon.colcon_core.shell:Creating prefix script '/home/integral/itis_robot/install/local_setup.zsh'
[1.504s] INFO:colcon.colcon_core.shell:Creating prefix chain script '/home/integral/itis_robot/install/setup.zsh'
