[0.014s] Invoking command in '/home/integral/itis_robot/build/itis_robot': CMAKE_PREFIX_PATH=${CMAKE_PREFIX_PATH}:/opt/ros/jazzy /usr/bin/cmake --build /home/integral/itis_robot/build/itis_robot -- -j16 -l16
[0.046s] -- Found ament_cmake: 2.5.3 (/opt/ros/jazzy/share/ament_cmake/cmake)
[0.294s] -- Found ament_lint_auto: 0.17.1 (/opt/ros/jazzy/share/ament_lint_auto/cmake)
[0.397s] -- Added test 'flake8' to check Python code syntax and style conventions
[0.397s] -- Configured 'flake8' exclude dirs and/or files: 
[0.398s] -- Added test 'lint_cmake' to check CMake code style
[0.399s] -- Added test 'pep257' to check Python code against some of the docstring style conventions in PEP 257
[0.401s] -- Added test 'xmllint' to check XML markup files
[0.402s] -- Configuring done (0.4s)
[0.407s] -- Generating done (0.0s)
[0.410s] -- Build files have been written to: /home/integral/itis_robot/build/itis_robot
[0.444s] Invoked command in '/home/integral/itis_robot/build/itis_robot' returned '0': CMAKE_PREFIX_PATH=${CMAKE_PREFIX_PATH}:/opt/ros/jazzy /usr/bin/cmake --build /home/integral/itis_robot/build/itis_robot -- -j16 -l16
[0.457s] Invoking command in '/home/integral/itis_robot/build/itis_robot': CMAKE_PREFIX_PATH=${CMAKE_PREFIX_PATH}:/opt/ros/jazzy /usr/bin/cmake --install /home/integral/itis_robot/build/itis_robot
[0.468s] -- Install configuration: ""
[0.469s] -- Installing: /home/integral/itis_robot/install/itis_robot/share/itis_robot/launch
[0.469s] -- Installing: /home/integral/itis_robot/install/itis_robot/share/itis_robot/launch/gazebo_model.launch.py
[0.469s] -- Installing: /home/integral/itis_robot/install/itis_robot/share/itis_robot/model
[0.469s] -- Installing: /home/integral/itis_robot/install/itis_robot/share/itis_robot/model/robot.xacro
[0.469s] -- Installing: /home/integral/itis_robot/install/itis_robot/share/itis_robot/model/robot.gazebo
[0.469s] -- Installing: /home/integral/itis_robot/install/itis_robot/share/itis_robot/parameters
[0.469s] -- Installing: /home/integral/itis_robot/install/itis_robot/share/itis_robot/parameters/bridge_parameters.yaml
[0.469s] -- Installing: /home/integral/itis_robot/install/itis_robot/share/ament_index/resource_index/package_run_dependencies/itis_robot
[0.470s] -- Up-to-date: /home/integral/itis_robot/install/itis_robot/share/ament_index/resource_index/parent_prefix_path/itis_robot
[0.470s] -- Up-to-date: /home/integral/itis_robot/install/itis_robot/share/itis_robot/environment/ament_prefix_path.sh
[0.470s] -- Up-to-date: /home/integral/itis_robot/install/itis_robot/share/itis_robot/environment/ament_prefix_path.dsv
[0.470s] -- Up-to-date: /home/integral/itis_robot/install/itis_robot/share/itis_robot/environment/path.sh
[0.470s] -- Up-to-date: /home/integral/itis_robot/install/itis_robot/share/itis_robot/environment/path.dsv
[0.470s] -- Up-to-date: /home/integral/itis_robot/install/itis_robot/share/itis_robot/local_setup.bash
[0.470s] -- Up-to-date: /home/integral/itis_robot/install/itis_robot/share/itis_robot/local_setup.sh
[0.470s] -- Up-to-date: /home/integral/itis_robot/install/itis_robot/share/itis_robot/local_setup.zsh
[0.470s] -- Up-to-date: /home/integral/itis_robot/install/itis_robot/share/itis_robot/local_setup.dsv
[0.470s] -- Up-to-date: /home/integral/itis_robot/install/itis_robot/share/itis_robot/package.dsv
[0.470s] -- Up-to-date: /home/integral/itis_robot/install/itis_robot/share/ament_index/resource_index/packages/itis_robot
[0.471s] -- Up-to-date: /home/integral/itis_robot/install/itis_robot/share/itis_robot/cmake/itis_robotConfig.cmake
[0.471s] -- Up-to-date: /home/integral/itis_robot/install/itis_robot/share/itis_robot/cmake/itis_robotConfig-version.cmake
[0.471s] -- Installing: /home/integral/itis_robot/install/itis_robot/share/itis_robot/package.xml
[0.472s] Invoked command in '/home/integral/itis_robot/build/itis_robot' returned '0': CMAKE_PREFIX_PATH=${CMAKE_PREFIX_PATH}:/opt/ros/jazzy /usr/bin/cmake --install /home/integral/itis_robot/build/itis_robot
