[0.013s] Invoking command in '/home/integral/itis_robot/build/itis_robot': CMAKE_PREFIX_PATH=${CMAKE_PREFIX_PATH}:/opt/ros/jazzy /usr/bin/cmake --build /home/integral/itis_robot/build/itis_robot -- -j16 -l16
[0.047s] -- Found ament_cmake: 2.5.3 (/opt/ros/jazzy/share/ament_cmake/cmake)
[0.290s] -- Found ament_lint_auto: 0.17.1 (/opt/ros/jazzy/share/ament_lint_auto/cmake)
[0.392s] -- Added test 'flake8' to check Python code syntax and style conventions
[0.392s] -- Configured 'flake8' exclude dirs and/or files: 
[0.392s] -- Added test 'lint_cmake' to check CMake code style
[0.393s] -- Added test 'pep257' to check Python code against some of the docstring style conventions in PEP 257
[0.394s] -- Added test 'xmllint' to check XML markup files
[0.395s] -- Configuring done (0.4s)
[0.399s] -- Generating done (0.0s)
[0.401s] -- Build files have been written to: /home/integral/itis_robot/build/itis_robot
[0.434s] Invoked command in '/home/integral/itis_robot/build/itis_robot' returned '0': CMAKE_PREFIX_PATH=${CMAKE_PREFIX_PATH}:/opt/ros/jazzy /usr/bin/cmake --build /home/integral/itis_robot/build/itis_robot -- -j16 -l16
[0.448s] Invoking command in '/home/integral/itis_robot/build/itis_robot': CMAKE_PREFIX_PATH=${CMAKE_PREFIX_PATH}:/opt/ros/jazzy /usr/bin/cmake --install /home/integral/itis_robot/build/itis_robot
[0.458s] -- Install configuration: ""
[0.458s] -- Up-to-date: /home/integral/itis_robot/install/itis_robot/share/itis_robot/launch
[0.459s] -- Installing: /home/integral/itis_robot/install/itis_robot/share/itis_robot/launch/gazebo_model.launch.py
[0.459s] -- Up-to-date: /home/integral/itis_robot/install/itis_robot/share/itis_robot/model
[0.459s] -- Installing: /home/integral/itis_robot/install/itis_robot/share/itis_robot/model/robot.xacro
[0.459s] -- Installing: /home/integral/itis_robot/install/itis_robot/share/itis_robot/model/robot.gazebo
[0.459s] -- Up-to-date: /home/integral/itis_robot/install/itis_robot/share/itis_robot/parameters
[0.459s] -- Installing: /home/integral/itis_robot/install/itis_robot/share/itis_robot/parameters/bridge_parameters.yaml
[0.459s] -- Up-to-date: /home/integral/itis_robot/install/itis_robot/share/ament_index/resource_index/package_run_dependencies/itis_robot
[0.459s] -- Installing: /home/integral/itis_robot/install/itis_robot/share/ament_index/resource_index/parent_prefix_path/itis_robot
[0.459s] -- Up-to-date: /home/integral/itis_robot/install/itis_robot/share/itis_robot/environment/ament_prefix_path.sh
[0.460s] -- Up-to-date: /home/integral/itis_robot/install/itis_robot/share/itis_robot/environment/ament_prefix_path.dsv
[0.460s] -- Up-to-date: /home/integral/itis_robot/install/itis_robot/share/itis_robot/environment/path.sh
[0.460s] -- Up-to-date: /home/integral/itis_robot/install/itis_robot/share/itis_robot/environment/path.dsv
[0.460s] -- Up-to-date: /home/integral/itis_robot/install/itis_robot/share/itis_robot/local_setup.bash
[0.460s] -- Up-to-date: /home/integral/itis_robot/install/itis_robot/share/itis_robot/local_setup.sh
[0.460s] -- Up-to-date: /home/integral/itis_robot/install/itis_robot/share/itis_robot/local_setup.zsh
[0.460s] -- Up-to-date: /home/integral/itis_robot/install/itis_robot/share/itis_robot/local_setup.dsv
[0.460s] -- Installing: /home/integral/itis_robot/install/itis_robot/share/itis_robot/package.dsv
[0.460s] -- Up-to-date: /home/integral/itis_robot/install/itis_robot/share/ament_index/resource_index/packages/itis_robot
[0.460s] -- Up-to-date: /home/integral/itis_robot/install/itis_robot/share/itis_robot/cmake/itis_robotConfig.cmake
[0.461s] -- Up-to-date: /home/integral/itis_robot/install/itis_robot/share/itis_robot/cmake/itis_robotConfig-version.cmake
[0.461s] -- Installing: /home/integral/itis_robot/install/itis_robot/share/itis_robot/package.xml
[0.464s] Invoked command in '/home/integral/itis_robot/build/itis_robot' returned '0': CMAKE_PREFIX_PATH=${CMAKE_PREFIX_PATH}:/opt/ros/jazzy /usr/bin/cmake --install /home/integral/itis_robot/build/itis_robot
