-- Found ament_cmake: 2.5.3 (/opt/ros/jazzy/share/ament_cmake/cmake)
-- Override CMake install command with custom implementation using symlinks instead of copying resources
-- Found ament_lint_auto: 0.17.1 (/opt/ros/jazzy/share/ament_lint_auto/cmake)
-- Added test 'flake8' to check Python code syntax and style conventions
-- Configured 'flake8' exclude dirs and/or files: 
-- Added test 'lint_cmake' to check CMake code style
-- Added test 'pep257' to check Python code against some of the docstring style conventions in PEP 257
-- Added test 'xmllint' to check XML markup files
-- Configuring done (0.4s)
-- Generating done (0.0s)
-- Build files have been written to: /home/integral/itis_robot/build/itis_robot
-- Install configuration: ""
-- Execute custom install script
-- Up-to-date symlink: /home/integral/itis_robot/install/itis_robot/share/itis_robot/launch/gazebo_model.launch.py
-- Up-to-date symlink: /home/integral/itis_robot/install/itis_robot/share/itis_robot/model/robot.gazebo
-- Up-to-date symlink: /home/integral/itis_robot/install/itis_robot/share/itis_robot/model/robot.xacro
-- Up-to-date symlink: /home/integral/itis_robot/install/itis_robot/share/itis_robot/parameters/bridge_parameters.yaml
-- Up-to-date symlink: /home/integral/itis_robot/install/itis_robot/share/ament_index/resource_index/package_run_dependencies/itis_robot
-- Up-to-date symlink: /home/integral/itis_robot/install/itis_robot/share/ament_index/resource_index/parent_prefix_path/itis_robot
-- Up-to-date symlink: /home/integral/itis_robot/install/itis_robot/share/itis_robot/environment/ament_prefix_path.sh
-- Up-to-date symlink: /home/integral/itis_robot/install/itis_robot/share/itis_robot/environment/ament_prefix_path.dsv
-- Up-to-date symlink: /home/integral/itis_robot/install/itis_robot/share/itis_robot/environment/path.sh
-- Up-to-date symlink: /home/integral/itis_robot/install/itis_robot/share/itis_robot/environment/path.dsv
-- Up-to-date symlink: /home/integral/itis_robot/install/itis_robot/share/itis_robot/local_setup.bash
-- Up-to-date symlink: /home/integral/itis_robot/install/itis_robot/share/itis_robot/local_setup.sh
-- Up-to-date symlink: /home/integral/itis_robot/install/itis_robot/share/itis_robot/local_setup.zsh
-- Up-to-date symlink: /home/integral/itis_robot/install/itis_robot/share/itis_robot/local_setup.dsv
-- Symlinking: /home/integral/itis_robot/install/itis_robot/share/itis_robot/package.dsv
-- Up-to-date symlink: /home/integral/itis_robot/install/itis_robot/share/ament_index/resource_index/packages/itis_robot
-- Up-to-date symlink: /home/integral/itis_robot/install/itis_robot/share/itis_robot/cmake/itis_robotConfig.cmake
-- Up-to-date symlink: /home/integral/itis_robot/install/itis_robot/share/itis_robot/cmake/itis_robotConfig-version.cmake
-- Up-to-date symlink: /home/integral/itis_robot/install/itis_robot/share/itis_robot/package.xml
