[0.013s] Invoking command in '/home/integral/itis_robot/build/ur_simulation_gz': CMAKE_PREFIX_PATH=${CMAKE_PREFIX_PATH}:/opt/ros/jazzy /usr/bin/cmake --build /home/integral/itis_robot/build/ur_simulation_gz -- -j16 -l16
[0.076s] Invoked command in '/home/integral/itis_robot/build/ur_simulation_gz' returned '0': CMAKE_PREFIX_PATH=${CMAKE_PREFIX_PATH}:/opt/ros/jazzy /usr/bin/cmake --build /home/integral/itis_robot/build/ur_simulation_gz -- -j16 -l16
[0.077s] Invoking command in '/home/integral/itis_robot/build/ur_simulation_gz': CMAKE_PREFIX_PATH=${CMAKE_PREFIX_PATH}:/opt/ros/jazzy /usr/bin/cmake --install /home/integral/itis_robot/build/ur_simulation_gz
[0.088s] -- Install configuration: ""
[0.089s] -- Execute custom install script
[0.089s] -- Up-to-date symlink: /home/integral/itis_robot/install/ur_simulation_gz/share/ur_simulation_gz/config/ur_controllers.yaml
[0.089s] -- Up-to-date symlink: /home/integral/itis_robot/install/ur_simulation_gz/share/ur_simulation_gz/launch/ur_sim_control.launch.py
[0.089s] -- Up-to-date symlink: /home/integral/itis_robot/install/ur_simulation_gz/share/ur_simulation_gz/launch/ur_sim_moveit.launch.py
[0.089s] -- Up-to-date symlink: /home/integral/itis_robot/install/ur_simulation_gz/share/ur_simulation_gz/urdf/ur_gz.ros2_control.xacro
[0.089s] -- Up-to-date symlink: /home/integral/itis_robot/install/ur_simulation_gz/share/ur_simulation_gz/urdf/ur_gz.urdf.xacro
[0.090s] -- Up-to-date symlink: /home/integral/itis_robot/install/ur_simulation_gz/share/ament_index/resource_index/package_run_dependencies/ur_simulation_gz
[0.090s] -- Up-to-date symlink: /home/integral/itis_robot/install/ur_simulation_gz/share/ament_index/resource_index/parent_prefix_path/ur_simulation_gz
[0.090s] -- Up-to-date symlink: /home/integral/itis_robot/install/ur_simulation_gz/share/ur_simulation_gz/environment/ament_prefix_path.sh
[0.090s] -- Up-to-date symlink: /home/integral/itis_robot/install/ur_simulation_gz/share/ur_simulation_gz/environment/ament_prefix_path.dsv
[0.091s] -- Up-to-date symlink: /home/integral/itis_robot/install/ur_simulation_gz/share/ur_simulation_gz/environment/path.sh
[0.091s] -- Up-to-date symlink: /home/integral/itis_robot/install/ur_simulation_gz/share/ur_simulation_gz/environment/path.dsv
[0.091s] -- Up-to-date symlink: /home/integral/itis_robot/install/ur_simulation_gz/share/ur_simulation_gz/local_setup.bash
[0.091s] -- Up-to-date symlink: /home/integral/itis_robot/install/ur_simulation_gz/share/ur_simulation_gz/local_setup.sh
[0.091s] -- Up-to-date symlink: /home/integral/itis_robot/install/ur_simulation_gz/share/ur_simulation_gz/local_setup.zsh
[0.091s] -- Up-to-date symlink: /home/integral/itis_robot/install/ur_simulation_gz/share/ur_simulation_gz/local_setup.dsv
[0.091s] -- Symlinking: /home/integral/itis_robot/install/ur_simulation_gz/share/ur_simulation_gz/package.dsv
[0.103s] -- Up-to-date symlink: /home/integral/itis_robot/install/ur_simulation_gz/share/ament_index/resource_index/packages/ur_simulation_gz
[0.104s] -- Up-to-date symlink: /home/integral/itis_robot/install/ur_simulation_gz/share/ur_simulation_gz/cmake/ur_simulation_gzConfig.cmake
[0.104s] -- Up-to-date symlink: /home/integral/itis_robot/install/ur_simulation_gz/share/ur_simulation_gz/cmake/ur_simulation_gzConfig-version.cmake
[0.104s] -- Up-to-date symlink: /home/integral/itis_robot/install/ur_simulation_gz/share/ur_simulation_gz/package.xml
[0.122s] Invoked command in '/home/integral/itis_robot/build/ur_simulation_gz' returned '0': CMAKE_PREFIX_PATH=${CMAKE_PREFIX_PATH}:/opt/ros/jazzy /usr/bin/cmake --install /home/integral/itis_robot/build/ur_simulation_gz
