[0.150s] DEBUG:colcon:Command line arguments: ['/usr/bin/colcon', 'build']
[0.150s] DEBUG:colcon:Parsed command line arguments: Namespace(log_base=None, log_level=None, verb_name='build', build_base='build', install_base='install', merge_install=False, symlink_install=False, test_result_base=None, continue_on_error=False, executor='parallel', parallel_workers=16, event_handlers=None, ignore_user_meta=False, metas=['./colcon.meta'], base_paths=['.'], packages_ignore=None, packages_ignore_regex=None, paths=None, packages_up_to=None, packages_up_to_regex=None, packages_above=None, packages_above_and_dependencies=None, packages_above_depth=None, packages_select_by_dep=None, packages_skip_by_dep=None, packages_skip_up_to=None, packages_select_build_failed=False, packages_skip_build_finished=False, packages_select_test_failures=False, packages_skip_test_passed=False, packages_select=None, packages_skip=None, packages_select_regex=None, packages_skip_regex=None, packages_start=None, packages_end=None, allow_overriding=[], cmake_args=None, cmake_target=None, cmake_target_skip_unavailable=False, cmake_clean_cache=False, cmake_clean_first=False, cmake_force_configure=False, ament_cmake_args=None, catkin_cmake_args=None, catkin_skip_building_tests=False, mixin_files=None, mixin=None, verb_parser=<colcon_mixin.mixin.mixin_argument.MixinArgumentDecorator object at 0x7f582d98eb10>, verb_extension=<colcon_core.verb.build.BuildVerb object at 0x7f582f37e270>, main=<bound method BuildVerb.main of <colcon_core.verb.build.BuildVerb object at 0x7f582f37e270>>, mixin_verb=('build',))
[0.208s] Level 1:colcon.colcon_core.package_discovery:discover_packages(colcon_meta) check parameters
[0.208s] Level 1:colcon.colcon_core.package_discovery:discover_packages(recursive) check parameters
[0.208s] Level 1:colcon.colcon_core.package_discovery:discover_packages(ignore) check parameters
[0.208s] Level 1:colcon.colcon_core.package_discovery:discover_packages(path) check parameters
[0.208s] Level 1:colcon.colcon_core.package_discovery:discover_packages(colcon_meta) discover
[0.208s] Level 1:colcon.colcon_core.package_discovery:discover_packages(recursive) discover
[0.208s] INFO:colcon.colcon_core.package_discovery:Crawling recursively for packages in '/home/integral/itis_robot'
[0.208s] Level 1:colcon.colcon_core.package_identification:_identify(.) by extensions ['ignore', 'ignore_ament_install']
[0.208s] Level 1:colcon.colcon_core.package_identification:_identify(.) by extension 'ignore'
[0.209s] Level 1:colcon.colcon_core.package_identification:_identify(.) by extension 'ignore_ament_install'
[0.209s] Level 1:colcon.colcon_core.package_identification:_identify(.) by extensions ['colcon_pkg']
[0.209s] Level 1:colcon.colcon_core.package_identification:_identify(.) by extension 'colcon_pkg'
[0.209s] Level 1:colcon.colcon_core.package_identification:_identify(.) by extensions ['colcon_meta']
[0.209s] Level 1:colcon.colcon_core.package_identification:_identify(.) by extension 'colcon_meta'
[0.209s] Level 1:colcon.colcon_core.package_identification:_identify(.) by extensions ['ros']
[0.209s] Level 1:colcon.colcon_core.package_identification:_identify(.) by extension 'ros'
[0.235s] Level 1:colcon.colcon_core.package_identification:_identify(.) by extensions ['cmake', 'python']
[0.235s] Level 1:colcon.colcon_core.package_identification:_identify(.) by extension 'cmake'
[0.235s] Level 1:colcon.colcon_core.package_identification:_identify(.) by extension 'python'
[0.235s] Level 1:colcon.colcon_core.package_identification:_identify(.) by extensions ['python_setup_py']
[0.235s] Level 1:colcon.colcon_core.package_identification:_identify(.) by extension 'python_setup_py'
[0.236s] Level 1:colcon.colcon_core.package_identification:_identify(build) by extensions ['ignore', 'ignore_ament_install']
[0.236s] Level 1:colcon.colcon_core.package_identification:_identify(build) by extension 'ignore'
[0.236s] Level 1:colcon.colcon_core.package_identification:_identify(build) ignored
[0.236s] Level 1:colcon.colcon_core.package_identification:_identify(install) by extensions ['ignore', 'ignore_ament_install']
[0.236s] Level 1:colcon.colcon_core.package_identification:_identify(install) by extension 'ignore'
[0.236s] Level 1:colcon.colcon_core.package_identification:_identify(install) ignored
[0.236s] Level 1:colcon.colcon_core.package_identification:_identify(log) by extensions ['ignore', 'ignore_ament_install']
[0.236s] Level 1:colcon.colcon_core.package_identification:_identify(log) by extension 'ignore'
[0.236s] Level 1:colcon.colcon_core.package_identification:_identify(log) ignored
[0.236s] Level 1:colcon.colcon_core.package_identification:_identify(src) by extensions ['ignore', 'ignore_ament_install']
[0.236s] Level 1:colcon.colcon_core.package_identification:_identify(src) by extension 'ignore'
[0.236s] Level 1:colcon.colcon_core.package_identification:_identify(src) by extension 'ignore_ament_install'
[0.237s] Level 1:colcon.colcon_core.package_identification:_identify(src) by extensions ['colcon_pkg']
[0.237s] Level 1:colcon.colcon_core.package_identification:_identify(src) by extension 'colcon_pkg'
[0.237s] Level 1:colcon.colcon_core.package_identification:_identify(src) by extensions ['colcon_meta']
[0.237s] Level 1:colcon.colcon_core.package_identification:_identify(src) by extension 'colcon_meta'
[0.237s] Level 1:colcon.colcon_core.package_identification:_identify(src) by extensions ['ros']
[0.237s] Level 1:colcon.colcon_core.package_identification:_identify(src) by extension 'ros'
[0.237s] Level 1:colcon.colcon_core.package_identification:_identify(src) by extensions ['cmake', 'python']
[0.237s] Level 1:colcon.colcon_core.package_identification:_identify(src) by extension 'cmake'
[0.237s] Level 1:colcon.colcon_core.package_identification:_identify(src) by extension 'python'
[0.237s] Level 1:colcon.colcon_core.package_identification:_identify(src) by extensions ['python_setup_py']
[0.237s] Level 1:colcon.colcon_core.package_identification:_identify(src) by extension 'python_setup_py'
[0.237s] Level 1:colcon.colcon_core.package_identification:_identify(src/itis_robot) by extensions ['ignore', 'ignore_ament_install']
[0.237s] Level 1:colcon.colcon_core.package_identification:_identify(src/itis_robot) by extension 'ignore'
[0.237s] Level 1:colcon.colcon_core.package_identification:_identify(src/itis_robot) by extension 'ignore_ament_install'
[0.237s] Level 1:colcon.colcon_core.package_identification:_identify(src/itis_robot) by extensions ['colcon_pkg']
[0.237s] Level 1:colcon.colcon_core.package_identification:_identify(src/itis_robot) by extension 'colcon_pkg'
[0.237s] Level 1:colcon.colcon_core.package_identification:_identify(src/itis_robot) by extensions ['colcon_meta']
[0.237s] Level 1:colcon.colcon_core.package_identification:_identify(src/itis_robot) by extension 'colcon_meta'
[0.238s] Level 1:colcon.colcon_core.package_identification:_identify(src/itis_robot) by extensions ['ros']
[0.238s] Level 1:colcon.colcon_core.package_identification:_identify(src/itis_robot) by extension 'ros'
[0.240s] DEBUG:colcon.colcon_core.package_identification:Package 'src/itis_robot' with type 'ros.ament_cmake' and name 'itis_robot'
[0.240s] Level 1:colcon.colcon_core.package_identification:_identify(src/ur_simulation_gz) by extensions ['ignore', 'ignore_ament_install']
[0.240s] Level 1:colcon.colcon_core.package_identification:_identify(src/ur_simulation_gz) by extension 'ignore'
[0.240s] Level 1:colcon.colcon_core.package_identification:_identify(src/ur_simulation_gz) by extension 'ignore_ament_install'
[0.240s] Level 1:colcon.colcon_core.package_identification:_identify(src/ur_simulation_gz) by extensions ['colcon_pkg']
[0.240s] Level 1:colcon.colcon_core.package_identification:_identify(src/ur_simulation_gz) by extension 'colcon_pkg'
[0.240s] Level 1:colcon.colcon_core.package_identification:_identify(src/ur_simulation_gz) by extensions ['colcon_meta']
[0.240s] Level 1:colcon.colcon_core.package_identification:_identify(src/ur_simulation_gz) by extension 'colcon_meta'
[0.240s] Level 1:colcon.colcon_core.package_identification:_identify(src/ur_simulation_gz) by extensions ['ros']
[0.241s] Level 1:colcon.colcon_core.package_identification:_identify(src/ur_simulation_gz) by extension 'ros'
[0.241s] Level 1:colcon.colcon_core.package_identification:_identify(src/ur_simulation_gz) by extensions ['cmake', 'python']
[0.241s] Level 1:colcon.colcon_core.package_identification:_identify(src/ur_simulation_gz) by extension 'cmake'
[0.241s] Level 1:colcon.colcon_core.package_identification:_identify(src/ur_simulation_gz) by extension 'python'
[0.241s] Level 1:colcon.colcon_core.package_identification:_identify(src/ur_simulation_gz) by extensions ['python_setup_py']
[0.241s] Level 1:colcon.colcon_core.package_identification:_identify(src/ur_simulation_gz) by extension 'python_setup_py'
[0.241s] Level 1:colcon.colcon_core.package_identification:_identify(src/ur_simulation_gz/ur_simulation_gz) by extensions ['ignore', 'ignore_ament_install']
[0.241s] Level 1:colcon.colcon_core.package_identification:_identify(src/ur_simulation_gz/ur_simulation_gz) by extension 'ignore'
[0.241s] Level 1:colcon.colcon_core.package_identification:_identify(src/ur_simulation_gz/ur_simulation_gz) by extension 'ignore_ament_install'
[0.241s] Level 1:colcon.colcon_core.package_identification:_identify(src/ur_simulation_gz/ur_simulation_gz) by extensions ['colcon_pkg']
[0.241s] Level 1:colcon.colcon_core.package_identification:_identify(src/ur_simulation_gz/ur_simulation_gz) by extension 'colcon_pkg'
[0.241s] Level 1:colcon.colcon_core.package_identification:_identify(src/ur_simulation_gz/ur_simulation_gz) by extensions ['colcon_meta']
[0.241s] Level 1:colcon.colcon_core.package_identification:_identify(src/ur_simulation_gz/ur_simulation_gz) by extension 'colcon_meta'
[0.241s] Level 1:colcon.colcon_core.package_identification:_identify(src/ur_simulation_gz/ur_simulation_gz) by extensions ['ros']
[0.241s] Level 1:colcon.colcon_core.package_identification:_identify(src/ur_simulation_gz/ur_simulation_gz) by extension 'ros'
[0.242s] DEBUG:colcon.colcon_core.package_identification:Package 'src/ur_simulation_gz/ur_simulation_gz' with type 'ros.ament_cmake' and name 'ur_simulation_gz'
[0.242s] Level 1:colcon.colcon_core.package_discovery:discover_packages(recursive) using defaults
[0.242s] Level 1:colcon.colcon_core.package_discovery:discover_packages(ignore) discover
[0.242s] Level 1:colcon.colcon_core.package_discovery:discover_packages(ignore) using defaults
[0.242s] Level 1:colcon.colcon_core.package_discovery:discover_packages(path) discover
[0.242s] Level 1:colcon.colcon_core.package_discovery:discover_packages(path) using defaults
[0.265s] Level 1:colcon.colcon_core.package_discovery:discover_packages(prefix_path) check parameters
[0.265s] Level 1:colcon.colcon_core.package_discovery:discover_packages(prefix_path) discover
[0.268s] DEBUG:colcon.colcon_installed_package_information.package_discovery:Found 2 installed packages in /home/integral/itis_robot/install
[0.270s] DEBUG:colcon.colcon_installed_package_information.package_discovery:Found 335 installed packages in /opt/ros/jazzy
[0.271s] Level 1:colcon.colcon_core.package_discovery:discover_packages(prefix_path) using defaults
[0.322s] Level 5:colcon.colcon_core.verb:set package 'itis_robot' build argument 'cmake_args' from command line to 'None'
[0.322s] Level 5:colcon.colcon_core.verb:set package 'itis_robot' build argument 'cmake_target' from command line to 'None'
[0.322s] Level 5:colcon.colcon_core.verb:set package 'itis_robot' build argument 'cmake_target_skip_unavailable' from command line to 'False'
[0.322s] Level 5:colcon.colcon_core.verb:set package 'itis_robot' build argument 'cmake_clean_cache' from command line to 'False'
[0.322s] Level 5:colcon.colcon_core.verb:set package 'itis_robot' build argument 'cmake_clean_first' from command line to 'False'
[0.322s] Level 5:colcon.colcon_core.verb:set package 'itis_robot' build argument 'cmake_force_configure' from command line to 'False'
[0.322s] Level 5:colcon.colcon_core.verb:set package 'itis_robot' build argument 'ament_cmake_args' from command line to 'None'
[0.322s] Level 5:colcon.colcon_core.verb:set package 'itis_robot' build argument 'catkin_cmake_args' from command line to 'None'
[0.323s] Level 5:colcon.colcon_core.verb:set package 'itis_robot' build argument 'catkin_skip_building_tests' from command line to 'False'
[0.323s] DEBUG:colcon.colcon_core.verb:Building package 'itis_robot' with the following arguments: {'ament_cmake_args': None, 'build_base': '/home/integral/itis_robot/build/itis_robot', 'catkin_cmake_args': None, 'catkin_skip_building_tests': False, 'cmake_args': None, 'cmake_clean_cache': False, 'cmake_clean_first': False, 'cmake_force_configure': False, 'cmake_target': None, 'cmake_target_skip_unavailable': False, 'install_base': '/home/integral/itis_robot/install/itis_robot', 'merge_install': False, 'path': '/home/integral/itis_robot/src/itis_robot', 'symlink_install': False, 'test_result_base': None}
[0.323s] Level 5:colcon.colcon_core.verb:set package 'ur_simulation_gz' build argument 'cmake_args' from command line to 'None'
[0.323s] Level 5:colcon.colcon_core.verb:set package 'ur_simulation_gz' build argument 'cmake_target' from command line to 'None'
[0.323s] Level 5:colcon.colcon_core.verb:set package 'ur_simulation_gz' build argument 'cmake_target_skip_unavailable' from command line to 'False'
[0.323s] Level 5:colcon.colcon_core.verb:set package 'ur_simulation_gz' build argument 'cmake_clean_cache' from command line to 'False'
[0.323s] Level 5:colcon.colcon_core.verb:set package 'ur_simulation_gz' build argument 'cmake_clean_first' from command line to 'False'
[0.323s] Level 5:colcon.colcon_core.verb:set package 'ur_simulation_gz' build argument 'cmake_force_configure' from command line to 'False'
[0.323s] Level 5:colcon.colcon_core.verb:set package 'ur_simulation_gz' build argument 'ament_cmake_args' from command line to 'None'
[0.323s] Level 5:colcon.colcon_core.verb:set package 'ur_simulation_gz' build argument 'catkin_cmake_args' from command line to 'None'
[0.323s] Level 5:colcon.colcon_core.verb:set package 'ur_simulation_gz' build argument 'catkin_skip_building_tests' from command line to 'False'
[0.323s] DEBUG:colcon.colcon_core.verb:Building package 'ur_simulation_gz' with the following arguments: {'ament_cmake_args': None, 'build_base': '/home/integral/itis_robot/build/ur_simulation_gz', 'catkin_cmake_args': None, 'catkin_skip_building_tests': False, 'cmake_args': None, 'cmake_clean_cache': False, 'cmake_clean_first': False, 'cmake_force_configure': False, 'cmake_target': None, 'cmake_target_skip_unavailable': False, 'install_base': '/home/integral/itis_robot/install/ur_simulation_gz', 'merge_install': False, 'path': '/home/integral/itis_robot/src/ur_simulation_gz/ur_simulation_gz', 'symlink_install': False, 'test_result_base': None}
[0.323s] INFO:colcon.colcon_core.executor:Executing jobs using 'parallel' executor
[0.324s] DEBUG:colcon.colcon_parallel_executor.executor.parallel:run_until_complete
[0.324s] INFO:colcon.colcon_ros.task.ament_cmake.build:Building ROS package in '/home/integral/itis_robot/src/itis_robot' with build type 'ament_cmake'
[0.324s] INFO:colcon.colcon_cmake.task.cmake.build:Building CMake package in '/home/integral/itis_robot/src/itis_robot'
[0.328s] INFO:colcon.colcon_core.plugin_system:Skipping extension 'colcon_core.shell.bat': Not used on non-Windows systems
[0.328s] INFO:colcon.colcon_core.shell:Skip shell extension 'powershell' for command environment: Not usable outside of PowerShell
[0.328s] DEBUG:colcon.colcon_core.shell:Skip shell extension 'dsv' for command environment
[0.333s] INFO:colcon.colcon_ros.task.ament_cmake.build:Building ROS package in '/home/integral/itis_robot/src/ur_simulation_gz/ur_simulation_gz' with build type 'ament_cmake'
[0.333s] INFO:colcon.colcon_cmake.task.cmake.build:Building CMake package in '/home/integral/itis_robot/src/ur_simulation_gz/ur_simulation_gz'
[0.333s] INFO:colcon.colcon_core.shell:Skip shell extension 'powershell' for command environment: Not usable outside of PowerShell
[0.333s] DEBUG:colcon.colcon_core.shell:Skip shell extension 'dsv' for command environment
[0.341s] DEBUG:colcon.colcon_core.event_handler.log_command:Invoking command in '/home/integral/itis_robot/build/itis_robot': CMAKE_PREFIX_PATH=${CMAKE_PREFIX_PATH}:/opt/ros/jazzy /usr/bin/cmake /home/integral/itis_robot/src/itis_robot -DCMAKE_INSTALL_PREFIX=/home/integral/itis_robot/install/itis_robot
[0.345s] DEBUG:colcon.colcon_core.event_handler.log_command:Invoking command in '/home/integral/itis_robot/build/ur_simulation_gz': CMAKE_PREFIX_PATH=${CMAKE_PREFIX_PATH}:/opt/ros/jazzy /usr/bin/cmake /home/integral/itis_robot/src/ur_simulation_gz/ur_simulation_gz -DCMAKE_INSTALL_PREFIX=/home/integral/itis_robot/install/ur_simulation_gz
[0.750s] DEBUG:colcon.colcon_core.event_handler.log_command:Invoked command in '/home/integral/itis_robot/build/itis_robot' returned '0': CMAKE_PREFIX_PATH=${CMAKE_PREFIX_PATH}:/opt/ros/jazzy /usr/bin/cmake /home/integral/itis_robot/src/itis_robot -DCMAKE_INSTALL_PREFIX=/home/integral/itis_robot/install/itis_robot
[0.751s] DEBUG:colcon.colcon_core.event_handler.log_command:Invoking command in '/home/integral/itis_robot/build/itis_robot': CMAKE_PREFIX_PATH=${CMAKE_PREFIX_PATH}:/opt/ros/jazzy /usr/bin/cmake --build /home/integral/itis_robot/build/itis_robot -- -j16 -l16
[0.810s] DEBUG:colcon.colcon_core.event_handler.log_command:Invoked command in '/home/integral/itis_robot/build/itis_robot' returned '0': CMAKE_PREFIX_PATH=${CMAKE_PREFIX_PATH}:/opt/ros/jazzy /usr/bin/cmake --build /home/integral/itis_robot/build/itis_robot -- -j16 -l16
[0.824s] DEBUG:colcon.colcon_core.event_handler.log_command:Invoking command in '/home/integral/itis_robot/build/itis_robot': CMAKE_PREFIX_PATH=${CMAKE_PREFIX_PATH}:/opt/ros/jazzy /usr/bin/cmake --install /home/integral/itis_robot/build/itis_robot
[0.849s] Level 1:colcon.colcon_core.environment:create_environment_scripts_only(itis_robot)
[0.849s] DEBUG:colcon.colcon_core.event_handler.log_command:Invoked command in '/home/integral/itis_robot/build/itis_robot' returned '0': CMAKE_PREFIX_PATH=${CMAKE_PREFIX_PATH}:/opt/ros/jazzy /usr/bin/cmake --install /home/integral/itis_robot/build/itis_robot
[0.852s] Level 1:colcon.colcon_core.environment:checking '/home/integral/itis_robot/install/itis_robot' for CMake module files
[0.853s] Level 1:colcon.colcon_core.environment:checking '/home/integral/itis_robot/install/itis_robot' for CMake config files
[0.853s] Level 1:colcon.colcon_core.shell:create_environment_hook('itis_robot', 'cmake_prefix_path')
[0.853s] INFO:colcon.colcon_core.shell:Creating environment hook '/home/integral/itis_robot/install/itis_robot/share/itis_robot/hook/cmake_prefix_path.ps1'
[0.854s] INFO:colcon.colcon_core.shell:Creating environment descriptor '/home/integral/itis_robot/install/itis_robot/share/itis_robot/hook/cmake_prefix_path.dsv'
[0.854s] INFO:colcon.colcon_core.shell:Creating environment hook '/home/integral/itis_robot/install/itis_robot/share/itis_robot/hook/cmake_prefix_path.sh'
[0.855s] Level 1:colcon.colcon_core.environment:checking '/home/integral/itis_robot/install/itis_robot/bin'
[0.855s] Level 1:colcon.colcon_core.environment:checking '/home/integral/itis_robot/install/itis_robot/lib/pkgconfig/itis_robot.pc'
[0.855s] Level 1:colcon.colcon_core.environment:checking '/home/integral/itis_robot/install/itis_robot/lib/python3.12/site-packages'
[0.855s] Level 1:colcon.colcon_core.environment:checking '/home/integral/itis_robot/install/itis_robot/bin'
[0.855s] INFO:colcon.colcon_core.shell:Creating package script '/home/integral/itis_robot/install/itis_robot/share/itis_robot/package.ps1'
[0.856s] INFO:colcon.colcon_core.shell:Creating package descriptor '/home/integral/itis_robot/install/itis_robot/share/itis_robot/package.dsv'
[0.856s] INFO:colcon.colcon_core.shell:Creating package script '/home/integral/itis_robot/install/itis_robot/share/itis_robot/package.sh'
[0.857s] INFO:colcon.colcon_core.shell:Creating package script '/home/integral/itis_robot/install/itis_robot/share/itis_robot/package.bash'
[0.857s] INFO:colcon.colcon_core.shell:Creating package script '/home/integral/itis_robot/install/itis_robot/share/itis_robot/package.zsh'
[0.858s] Level 1:colcon.colcon_core.environment:create_file_with_runtime_dependencies(/home/integral/itis_robot/install/itis_robot/share/colcon-core/packages/itis_robot)
[0.858s] Level 1:colcon.colcon_core.environment:create_environment_scripts_only(itis_robot)
[0.858s] Level 1:colcon.colcon_core.environment:checking '/home/integral/itis_robot/install/itis_robot' for CMake module files
[0.859s] Level 1:colcon.colcon_core.environment:checking '/home/integral/itis_robot/install/itis_robot' for CMake config files
[0.859s] Level 1:colcon.colcon_core.shell:create_environment_hook('itis_robot', 'cmake_prefix_path')
[0.859s] INFO:colcon.colcon_core.shell:Creating environment hook '/home/integral/itis_robot/install/itis_robot/share/itis_robot/hook/cmake_prefix_path.ps1'
[0.859s] INFO:colcon.colcon_core.shell:Creating environment descriptor '/home/integral/itis_robot/install/itis_robot/share/itis_robot/hook/cmake_prefix_path.dsv'
[0.860s] INFO:colcon.colcon_core.shell:Creating environment hook '/home/integral/itis_robot/install/itis_robot/share/itis_robot/hook/cmake_prefix_path.sh'
[0.860s] Level 1:colcon.colcon_core.environment:checking '/home/integral/itis_robot/install/itis_robot/bin'
[0.860s] Level 1:colcon.colcon_core.environment:checking '/home/integral/itis_robot/install/itis_robot/lib/pkgconfig/itis_robot.pc'
[0.860s] Level 1:colcon.colcon_core.environment:checking '/home/integral/itis_robot/install/itis_robot/lib/python3.12/site-packages'
[0.860s] Level 1:colcon.colcon_core.environment:checking '/home/integral/itis_robot/install/itis_robot/bin'
[0.861s] INFO:colcon.colcon_core.shell:Creating package script '/home/integral/itis_robot/install/itis_robot/share/itis_robot/package.ps1'
[0.861s] INFO:colcon.colcon_core.shell:Creating package descriptor '/home/integral/itis_robot/install/itis_robot/share/itis_robot/package.dsv'
[0.861s] INFO:colcon.colcon_core.shell:Creating package script '/home/integral/itis_robot/install/itis_robot/share/itis_robot/package.sh'
[0.861s] INFO:colcon.colcon_core.shell:Creating package script '/home/integral/itis_robot/install/itis_robot/share/itis_robot/package.bash'
[0.862s] INFO:colcon.colcon_core.shell:Creating package script '/home/integral/itis_robot/install/itis_robot/share/itis_robot/package.zsh'
[0.862s] Level 1:colcon.colcon_core.environment:create_file_with_runtime_dependencies(/home/integral/itis_robot/install/itis_robot/share/colcon-core/packages/itis_robot)
[1.181s] DEBUG:colcon.colcon_core.event_handler.log_command:Invoked command in '/home/integral/itis_robot/build/ur_simulation_gz' returned '0': CMAKE_PREFIX_PATH=${CMAKE_PREFIX_PATH}:/opt/ros/jazzy /usr/bin/cmake /home/integral/itis_robot/src/ur_simulation_gz/ur_simulation_gz -DCMAKE_INSTALL_PREFIX=/home/integral/itis_robot/install/ur_simulation_gz
[1.181s] DEBUG:colcon.colcon_core.event_handler.log_command:Invoking command in '/home/integral/itis_robot/build/ur_simulation_gz': CMAKE_PREFIX_PATH=${CMAKE_PREFIX_PATH}:/opt/ros/jazzy /usr/bin/cmake --build /home/integral/itis_robot/build/ur_simulation_gz -- -j16 -l16
[1.222s] DEBUG:colcon.colcon_core.event_handler.log_command:Invoked command in '/home/integral/itis_robot/build/ur_simulation_gz' returned '0': CMAKE_PREFIX_PATH=${CMAKE_PREFIX_PATH}:/opt/ros/jazzy /usr/bin/cmake --build /home/integral/itis_robot/build/ur_simulation_gz -- -j16 -l16
[1.223s] DEBUG:colcon.colcon_core.event_handler.log_command:Invoking command in '/home/integral/itis_robot/build/ur_simulation_gz': CMAKE_PREFIX_PATH=${CMAKE_PREFIX_PATH}:/opt/ros/jazzy /usr/bin/cmake --install /home/integral/itis_robot/build/ur_simulation_gz
[1.244s] Level 1:colcon.colcon_core.environment:create_environment_scripts_only(ur_simulation_gz)
[1.244s] Level 1:colcon.colcon_core.environment:checking '/home/integral/itis_robot/install/ur_simulation_gz' for CMake module files
[1.244s] DEBUG:colcon.colcon_core.event_handler.log_command:Invoked command in '/home/integral/itis_robot/build/ur_simulation_gz' returned '0': CMAKE_PREFIX_PATH=${CMAKE_PREFIX_PATH}:/opt/ros/jazzy /usr/bin/cmake --install /home/integral/itis_robot/build/ur_simulation_gz
[1.245s] Level 1:colcon.colcon_core.environment:checking '/home/integral/itis_robot/install/ur_simulation_gz' for CMake config files
[1.245s] Level 1:colcon.colcon_core.shell:create_environment_hook('ur_simulation_gz', 'cmake_prefix_path')
[1.245s] INFO:colcon.colcon_core.shell:Creating environment hook '/home/integral/itis_robot/install/ur_simulation_gz/share/ur_simulation_gz/hook/cmake_prefix_path.ps1'
[1.245s] INFO:colcon.colcon_core.shell:Creating environment descriptor '/home/integral/itis_robot/install/ur_simulation_gz/share/ur_simulation_gz/hook/cmake_prefix_path.dsv'
[1.246s] INFO:colcon.colcon_core.shell:Creating environment hook '/home/integral/itis_robot/install/ur_simulation_gz/share/ur_simulation_gz/hook/cmake_prefix_path.sh'
[1.246s] Level 1:colcon.colcon_core.environment:checking '/home/integral/itis_robot/install/ur_simulation_gz/bin'
[1.246s] Level 1:colcon.colcon_core.environment:checking '/home/integral/itis_robot/install/ur_simulation_gz/lib/pkgconfig/ur_simulation_gz.pc'
[1.247s] Level 1:colcon.colcon_core.environment:checking '/home/integral/itis_robot/install/ur_simulation_gz/lib/python3.12/site-packages'
[1.247s] Level 1:colcon.colcon_core.environment:checking '/home/integral/itis_robot/install/ur_simulation_gz/bin'
[1.247s] INFO:colcon.colcon_core.shell:Creating package script '/home/integral/itis_robot/install/ur_simulation_gz/share/ur_simulation_gz/package.ps1'
[1.247s] INFO:colcon.colcon_core.shell:Creating package descriptor '/home/integral/itis_robot/install/ur_simulation_gz/share/ur_simulation_gz/package.dsv'
[1.247s] INFO:colcon.colcon_core.shell:Creating package script '/home/integral/itis_robot/install/ur_simulation_gz/share/ur_simulation_gz/package.sh'
[1.248s] INFO:colcon.colcon_core.shell:Creating package script '/home/integral/itis_robot/install/ur_simulation_gz/share/ur_simulation_gz/package.bash'
[1.248s] INFO:colcon.colcon_core.shell:Creating package script '/home/integral/itis_robot/install/ur_simulation_gz/share/ur_simulation_gz/package.zsh'
[1.248s] Level 1:colcon.colcon_core.environment:create_file_with_runtime_dependencies(/home/integral/itis_robot/install/ur_simulation_gz/share/colcon-core/packages/ur_simulation_gz)
[1.248s] Level 1:colcon.colcon_core.environment:create_environment_scripts_only(ur_simulation_gz)
[1.248s] Level 1:colcon.colcon_core.environment:checking '/home/integral/itis_robot/install/ur_simulation_gz' for CMake module files
[1.249s] Level 1:colcon.colcon_core.environment:checking '/home/integral/itis_robot/install/ur_simulation_gz' for CMake config files
[1.249s] Level 1:colcon.colcon_core.shell:create_environment_hook('ur_simulation_gz', 'cmake_prefix_path')
[1.249s] INFO:colcon.colcon_core.shell:Creating environment hook '/home/integral/itis_robot/install/ur_simulation_gz/share/ur_simulation_gz/hook/cmake_prefix_path.ps1'
[1.249s] INFO:colcon.colcon_core.shell:Creating environment descriptor '/home/integral/itis_robot/install/ur_simulation_gz/share/ur_simulation_gz/hook/cmake_prefix_path.dsv'
[1.250s] INFO:colcon.colcon_core.shell:Creating environment hook '/home/integral/itis_robot/install/ur_simulation_gz/share/ur_simulation_gz/hook/cmake_prefix_path.sh'
[1.250s] Level 1:colcon.colcon_core.environment:checking '/home/integral/itis_robot/install/ur_simulation_gz/bin'
[1.250s] Level 1:colcon.colcon_core.environment:checking '/home/integral/itis_robot/install/ur_simulation_gz/lib/pkgconfig/ur_simulation_gz.pc'
[1.250s] Level 1:colcon.colcon_core.environment:checking '/home/integral/itis_robot/install/ur_simulation_gz/lib/python3.12/site-packages'
[1.250s] Level 1:colcon.colcon_core.environment:checking '/home/integral/itis_robot/install/ur_simulation_gz/bin'
[1.250s] INFO:colcon.colcon_core.shell:Creating package script '/home/integral/itis_robot/install/ur_simulation_gz/share/ur_simulation_gz/package.ps1'
[1.251s] INFO:colcon.colcon_core.shell:Creating package descriptor '/home/integral/itis_robot/install/ur_simulation_gz/share/ur_simulation_gz/package.dsv'
[1.251s] INFO:colcon.colcon_core.shell:Creating package script '/home/integral/itis_robot/install/ur_simulation_gz/share/ur_simulation_gz/package.sh'
[1.251s] INFO:colcon.colcon_core.shell:Creating package script '/home/integral/itis_robot/install/ur_simulation_gz/share/ur_simulation_gz/package.bash'
[1.252s] INFO:colcon.colcon_core.shell:Creating package script '/home/integral/itis_robot/install/ur_simulation_gz/share/ur_simulation_gz/package.zsh'
[1.252s] Level 1:colcon.colcon_core.environment:create_file_with_runtime_dependencies(/home/integral/itis_robot/install/ur_simulation_gz/share/colcon-core/packages/ur_simulation_gz)
[1.252s] DEBUG:colcon.colcon_parallel_executor.executor.parallel:closing loop
[1.252s] DEBUG:colcon.colcon_parallel_executor.executor.parallel:loop closed
[1.252s] DEBUG:colcon.colcon_parallel_executor.executor.parallel:run_until_complete finished with '0'
[1.252s] DEBUG:colcon.colcon_core.event_reactor:joining thread
[1.257s] INFO:colcon.colcon_core.plugin_system:Skipping extension 'colcon_notification.desktop_notification.terminal_notifier': Not used on non-Darwin systems
[1.257s] INFO:colcon.colcon_core.plugin_system:Skipping extension 'colcon_notification.desktop_notification.win32': Not used on non-Windows systems
[1.257s] INFO:colcon.colcon_notification.desktop_notification:Sending desktop notification using 'notify2'
[1.260s] DEBUG:colcon.colcon_core.event_reactor:joined thread
[1.260s] INFO:colcon.colcon_core.shell:Creating prefix script '/home/integral/itis_robot/install/local_setup.ps1'
[1.261s] INFO:colcon.colcon_core.shell:Creating prefix util module '/home/integral/itis_robot/install/_local_setup_util_ps1.py'
[1.262s] INFO:colcon.colcon_core.shell:Creating prefix chain script '/home/integral/itis_robot/install/setup.ps1'
[1.263s] INFO:colcon.colcon_core.shell:Creating prefix script '/home/integral/itis_robot/install/local_setup.sh'
[1.263s] INFO:colcon.colcon_core.shell:Creating prefix util module '/home/integral/itis_robot/install/_local_setup_util_sh.py'
[1.264s] INFO:colcon.colcon_core.shell:Creating prefix chain script '/home/integral/itis_robot/install/setup.sh'
[1.264s] INFO:colcon.colcon_core.shell:Creating prefix script '/home/integral/itis_robot/install/local_setup.bash'
[1.265s] INFO:colcon.colcon_core.shell:Creating prefix chain script '/home/integral/itis_robot/install/setup.bash'
[1.265s] INFO:colcon.colcon_core.shell:Creating prefix script '/home/integral/itis_robot/install/local_setup.zsh'
[1.266s] INFO:colcon.colcon_core.shell:Creating prefix chain script '/home/integral/itis_robot/install/setup.zsh'
