[0.012s] Invoking command in '/home/integral/itis_robot/build/itis_robot': CMAKE_PREFIX_PATH=${CMAKE_PREFIX_PATH}:/opt/ros/jazzy /usr/bin/cmake /home/integral/itis_robot/src/itis_robot -DCMAKE_INSTALL_PREFIX=/home/integral/itis_robot/install/itis_robot
[0.146s] -- The C compiler identification is GNU 13.3.0
[0.252s] -- The CXX compiler identification is GNU 13.3.0
[0.281s] -- Detecting C compiler ABI info
[0.408s] -- Detecting C compiler ABI info - done
[0.418s] -- Check for working C compiler: /usr/bin/cc - skipped
[0.418s] -- Detecting C compile features
[0.419s] -- Detecting C compile features - done
[0.432s] -- Detecting CXX compiler ABI info
[0.571s] -- Detecting CXX compiler ABI info - done
[0.582s] -- Check for working CXX compiler: /usr/bin/c++ - skipped
[0.582s] -- Detecting CXX compile features
[0.582s] -- Detecting CXX compile features - done
[0.589s] -- Found ament_cmake: 2.5.3 (/opt/ros/jazzy/share/ament_cmake/cmake)
[0.775s] -- Found Python3: /usr/bin/python3 (found version "3.12.3") found components: Interpreter 
[0.925s] -- Found ament_lint_auto: 0.17.1 (/opt/ros/jazzy/share/ament_lint_auto/cmake)
[1.014s] -- Added test 'lint_cmake' to check CMake code style
[1.015s] -- Added test 'xmllint' to check XML markup files
[1.017s] -- Configuring done (1.0s)
[1.020s] -- Generating done (0.0s)
[1.021s] -- Build files have been written to: /home/integral/itis_robot/build/itis_robot
[1.026s] Invoked command in '/home/integral/itis_robot/build/itis_robot' returned '0': CMAKE_PREFIX_PATH=${CMAKE_PREFIX_PATH}:/opt/ros/jazzy /usr/bin/cmake /home/integral/itis_robot/src/itis_robot -DCMAKE_INSTALL_PREFIX=/home/integral/itis_robot/install/itis_robot
[1.027s] Invoking command in '/home/integral/itis_robot/build/itis_robot': CMAKE_PREFIX_PATH=${CMAKE_PREFIX_PATH}:/opt/ros/jazzy /usr/bin/cmake --build /home/integral/itis_robot/build/itis_robot -- -j16 -l16
[1.067s] Invoked command in '/home/integral/itis_robot/build/itis_robot' returned '0': CMAKE_PREFIX_PATH=${CMAKE_PREFIX_PATH}:/opt/ros/jazzy /usr/bin/cmake --build /home/integral/itis_robot/build/itis_robot -- -j16 -l16
[1.076s] Invoking command in '/home/integral/itis_robot/build/itis_robot': CMAKE_PREFIX_PATH=${CMAKE_PREFIX_PATH}:/opt/ros/jazzy /usr/bin/cmake --install /home/integral/itis_robot/build/itis_robot
[1.083s] -- Install configuration: ""
[1.084s] -- Installing: /home/integral/itis_robot/install/itis_robot/share/ament_index/resource_index/package_run_dependencies/itis_robot
[1.084s] -- Installing: /home/integral/itis_robot/install/itis_robot/share/ament_index/resource_index/parent_prefix_path/itis_robot
[1.084s] -- Installing: /home/integral/itis_robot/install/itis_robot/share/itis_robot/environment/ament_prefix_path.sh
[1.084s] -- Installing: /home/integral/itis_robot/install/itis_robot/share/itis_robot/environment/ament_prefix_path.dsv
[1.084s] -- Installing: /home/integral/itis_robot/install/itis_robot/share/itis_robot/environment/path.sh
[1.084s] -- Installing: /home/integral/itis_robot/install/itis_robot/share/itis_robot/environment/path.dsv
[1.084s] -- Installing: /home/integral/itis_robot/install/itis_robot/share/itis_robot/local_setup.bash
[1.085s] -- Installing: /home/integral/itis_robot/install/itis_robot/share/itis_robot/local_setup.sh
[1.085s] -- Installing: /home/integral/itis_robot/install/itis_robot/share/itis_robot/local_setup.zsh
[1.085s] -- Installing: /home/integral/itis_robot/install/itis_robot/share/itis_robot/local_setup.dsv
[1.085s] -- Installing: /home/integral/itis_robot/install/itis_robot/share/itis_robot/package.dsv
[1.085s] -- Installing: /home/integral/itis_robot/install/itis_robot/share/ament_index/resource_index/packages/itis_robot
[1.085s] -- Installing: /home/integral/itis_robot/install/itis_robot/share/itis_robot/cmake/itis_robotConfig.cmake
[1.085s] -- Installing: /home/integral/itis_robot/install/itis_robot/share/itis_robot/cmake/itis_robotConfig-version.cmake
[1.085s] -- Installing: /home/integral/itis_robot/install/itis_robot/share/itis_robot/package.xml
[1.086s] Invoked command in '/home/integral/itis_robot/build/itis_robot' returned '0': CMAKE_PREFIX_PATH=${CMAKE_PREFIX_PATH}:/opt/ros/jazzy /usr/bin/cmake --install /home/integral/itis_robot/build/itis_robot
